Flutter crash report; please file at https://github.com/flutter/flutter/issues.

## command

flutter run

## exception

ProcessException: ProcessException: %1 is not a valid Win32 application.

  Command: C:\Users\Mohammed Elamin\IdeaProjects\myapp\android\gradlew.bat -v

```
#0      runAsync (package:flutter_tools/src/base/process.dart:229:33)
<asynchronous suspension>
#1      runCheckedAsync (package:flutter_tools/src/base/process.dart:244:34)
<asynchronous suspension>
#2      _initializeGradle (package:flutter_tools/src/android/gradle.dart:181:9)
<asynchronous suspension>
#3      _ensureGradle (package:flutter_tools/src/android/gradle.dart:162:37)
<asynchronous suspension>
#4      _readGradleProject (package:flutter_tools/src/android/gradle.dart:95:31)
<asynchronous suspension>
#5      _gradleProject (package:flutter_tools/src/android/gradle.dart:87:34)
<asynchronous suspension>
#6      getGradleAppOut (package:flutter_tools/src/android/gradle.dart:81:29)
<asynchronous suspension>
#7      AndroidApk.fromAndroidProject (package:flutter_tools/src/application_package.dart:96:23)
<asynchronous suspension>
#8      getApplicationPackageForPlatform (package:flutter_tools/src/application_package.dart:283:30)
<asynchronous suspension>
#9      FlutterDevice.runHot (package:flutter_tools/src/resident_runner.dart:270:21)
<asynchronous suspension>
#10     HotRunner.run (package:flutter_tools/src/run_hot.dart:261:39)
<asynchronous suspension>
#11     RunCommand.runCommand (package:flutter_tools/src/commands/run.dart:391:37)
<asynchronous suspension>
#12     FlutterCommand.verifyThenRunCommand (package:flutter_tools/src/runner/flutter_command.dart:372:18)
#13     _asyncThenWrapperHelper.<anonymous closure> (dart:async/runtime/libasync_patch.dart:77:64)
#14     _rootRunUnary (dart:async/zone.dart:1132:38)
#15     _CustomZone.runUnary (dart:async/zone.dart:1029:19)
#16     _FutureListener.handleValue (dart:async/future_impl.dart:129:18)
#17     Future._propagateToListeners.handleValueCallback (dart:async/future_impl.dart:642:45)
#18     Future._propagateToListeners (dart:async/future_impl.dart:671:32)
#19     Future._complete (dart:async/future_impl.dart:476:7)
#20     _SyncCompleter.complete (dart:async/future_impl.dart:51:12)
#21     _AsyncAwaitCompleter.complete (dart:async/runtime/libasync_patch.dart:28:18)
#22     _completeOnAsyncReturn (dart:async/runtime/libasync_patch.dart:295:13)
#23     RunCommand.usageValues (package:flutter_tools/src/commands/run.dart)
#24     _asyncThenWrapperHelper.<anonymous closure> (dart:async/runtime/libasync_patch.dart:77:64)
#25     _rootRunUnary (dart:async/zone.dart:1132:38)
#26     _CustomZone.runUnary (dart:async/zone.dart:1029:19)
#27     _FutureListener.handleValue (dart:async/future_impl.dart:129:18)
#28     Future._propagateToListeners.handleValueCallback (dart:async/future_impl.dart:642:45)
#29     Future._propagateToListeners (dart:async/future_impl.dart:671:32)
#30     Future._complete (dart:async/future_impl.dart:476:7)
#31     _SyncCompleter.complete (dart:async/future_impl.dart:51:12)
#32     _AsyncAwaitCompleter.complete.<anonymous closure> (dart:async/runtime/libasync_patch.dart:33:20)
#33     _rootRun (dart:async/zone.dart:1124:13)
#34     _CustomZone.run (dart:async/zone.dart:1021:19)
#35     _CustomZone.bindCallback.<anonymous closure> (dart:async/zone.dart:947:23)
#36     _microtaskLoop (dart:async/schedule_microtask.dart:41:21)
#37     _startMicrotaskLoop (dart:async/schedule_microtask.dart:50:5)
#38     _runPendingImmediateCallback (dart:isolate/runtime/libisolate_patch.dart:115:13)
#39     _RawReceivePortImpl._handleMessage (dart:isolate/runtime/libisolate_patch.dart:172:5)
```

## flutter doctor

```
[✓] Flutter (Channel beta, v0.8.2, on Microsoft Windows [Version 10.0.17134.345], locale en-US)
    • Flutter version 0.8.2 at C:\src\flutter
    • Framework revision 5ab9e70727 (9 weeks ago), 2018-09-07 12:33:05 -0700
    • Engine revision 58a1894a1c
    • Dart version 2.1.0-dev.3.1.flutter-760a9690c2

[!] Android toolchain - develop for Android devices (Android SDK 28.0.3)
    • Android SDK at C:\Android\sdk
    • Android NDK location not configured (optional; useful for native profiling support)
    • Platform android-28, build-tools 28.0.3
    • ANDROID_HOME = C:\Android\sdk
    • Java binary at: C:\Program Files\Android\android-studio-ide-182.5026711-windows\android-studio\jre\bin\java
    • Java version OpenJDK Runtime Environment (build 1.8.0_152-release-1248-b01)
    ✗ Android license status unknown.

[✓] Android Studio (version 3.0)
    • Android Studio at C:\Program Files\Android\Android Studio1
    • Flutter plugin version 23.2.1
    • Dart plugin version 171.4424
    • Java version OpenJDK Runtime Environment (build 1.8.0_152-release-915-b01)

[✓] Android Studio (version 3.3)
    • Android Studio at C:\Program Files\Android\android-studio-ide-182.5026711-windows\android-studio
    ✗ Flutter plugin not installed; this adds Flutter specific functionality.
    ✗ Dart plugin not installed; this adds Dart specific functionality.
    • Java version OpenJDK Runtime Environment (build 1.8.0_152-release-1248-b01)

[✓] IntelliJ IDEA Community Edition (version 2018.1)
    • IntelliJ at C:\Program Files\JetBrains\IntelliJ IDEA Community Edition 2018.1.6
    • Flutter plugin version 29.1.1
    • Dart plugin version 181.5656

[✓] IntelliJ IDEA Ultimate Edition (version 2018.1)
    • IntelliJ at C:\Program Files\JetBrains\IntelliJ IDEA 2018.1.6
    • Flutter plugin version 28.0.2
    • Dart plugin version 181.5616

[!] VS Code, 64-bit edition (version 1.25.1)
    • VS Code at C:\Program Files\Microsoft VS Code
    • Flutter extension not installed; install from
      https://marketplace.visualstudio.com/items?itemName=Dart-Code.flutter

[✓] Connected devices (1 available)
    • SM J500H • 2845ea1e • android-arm • Android 6.0.1 (API 23)

! Doctor found issues in 2 categories.
```
